<?xml version="1.0" encoding="utf-8"?>
<testsuites>
<testsuite package="org.eslint" time="0" tests="1" errors="1" name="C:\Users\Kennet_Tech\PBASoftwaredevelopment\Test for Developers\testingEksam\Testing_Exam\Client\Converters.js">
<testcase time="0" name="org.eslint.unknown" classname="C:\Users\Kennet_Tech\PBASoftwaredevelopment\Test for Developers\testingEksam\Testing_Exam\Client\Converters"><error message="Parsing error: Unexpected token &lt;"><![CDATA[line 3, col 5, Error - Parsing error: Unexpected token &lt;]]></error></testcase>
</testsuite>
<testsuite package="org.eslint" time="0" tests="1" errors="0" name="C:\Users\Kennet_Tech\PBASoftwaredevelopment\Test for Developers\testingEksam\Testing_Exam\Client\Recipes.js">
<testcase time="0" name="C:\Users\Kennet_Tech\PBASoftwaredevelopment\Test for Developers\testingEksam\Testing_Exam\Client\Recipes.js" classname="C:\Users\Kennet_Tech\PBASoftwaredevelopment\Test for Developers\testingEksam\Testing_Exam\Client\Recipes" />
</testsuite>
<testsuite package="org.eslint" time="0" tests="1" errors="0" name="C:\Users\Kennet_Tech\PBASoftwaredevelopment\Test for Developers\testingEksam\Testing_Exam\Database\Api.js">
<testcase time="0" name="C:\Users\Kennet_Tech\PBASoftwaredevelopment\Test for Developers\testingEksam\Testing_Exam\Database\Api.js" classname="C:\Users\Kennet_Tech\PBASoftwaredevelopment\Test for Developers\testingEksam\Testing_Exam\Database\Api" />
</testsuite>
<testsuite package="org.eslint" time="0" tests="1" errors="0" name="C:\Users\Kennet_Tech\PBASoftwaredevelopment\Test for Developers\testingEksam\Testing_Exam\Database\Schema.js">
<testcase time="0" name="C:\Users\Kennet_Tech\PBASoftwaredevelopment\Test for Developers\testingEksam\Testing_Exam\Database\Schema.js" classname="C:\Users\Kennet_Tech\PBASoftwaredevelopment\Test for Developers\testingEksam\Testing_Exam\Database\Schema" />
</testsuite>
<testsuite package="org.eslint" time="0" tests="1" errors="1" name="C:\Users\Kennet_Tech\PBASoftwaredevelopment\Test for Developers\testingEksam\Testing_Exam\Database\connection.js">
<testcase time="0" name="org.eslint.no-undef" classname="C:\Users\Kennet_Tech\PBASoftwaredevelopment\Test for Developers\testingEksam\Testing_Exam\Database\connection"><failure message="&apos;process&apos; is not defined."><![CDATA[line 16, col 7, Error - &apos;process&apos; is not defined. (no-undef)]]></failure></testcase>
</testsuite>
<testsuite package="org.eslint" time="0" tests="12" errors="12" name="C:\Users\Kennet_Tech\PBASoftwaredevelopment\Test for Developers\testingEksam\Testing_Exam\Test\test.js">
<testcase time="0" name="org.eslint.no-undef" classname="C:\Users\Kennet_Tech\PBASoftwaredevelopment\Test for Developers\testingEksam\Testing_Exam\Test\test"><failure message="&apos;test&apos; is not defined."><![CDATA[line 3, col 1, Error - &apos;test&apos; is not defined. (no-undef)]]></failure></testcase>
<testcase time="0" name="org.eslint.no-undef" classname="C:\Users\Kennet_Tech\PBASoftwaredevelopment\Test for Developers\testingEksam\Testing_Exam\Test\test"><failure message="&apos;expect&apos; is not defined."><![CDATA[line 9, col 3, Error - &apos;expect&apos; is not defined. (no-undef)]]></failure></testcase>
<testcase time="0" name="org.eslint.no-undef" classname="C:\Users\Kennet_Tech\PBASoftwaredevelopment\Test for Developers\testingEksam\Testing_Exam\Test\test"><failure message="&apos;test&apos; is not defined."><![CDATA[line 12, col 1, Error - &apos;test&apos; is not defined. (no-undef)]]></failure></testcase>
<testcase time="0" name="org.eslint.no-undef" classname="C:\Users\Kennet_Tech\PBASoftwaredevelopment\Test for Developers\testingEksam\Testing_Exam\Test\test"><failure message="&apos;expect&apos; is not defined."><![CDATA[line 18, col 3, Error - &apos;expect&apos; is not defined. (no-undef)]]></failure></testcase>
<testcase time="0" name="org.eslint.no-undef" classname="C:\Users\Kennet_Tech\PBASoftwaredevelopment\Test for Developers\testingEksam\Testing_Exam\Test\test"><failure message="&apos;test&apos; is not defined."><![CDATA[line 21, col 1, Error - &apos;test&apos; is not defined. (no-undef)]]></failure></testcase>
<testcase time="0" name="org.eslint.no-undef" classname="C:\Users\Kennet_Tech\PBASoftwaredevelopment\Test for Developers\testingEksam\Testing_Exam\Test\test"><failure message="&apos;expect&apos; is not defined."><![CDATA[line 27, col 3, Error - &apos;expect&apos; is not defined. (no-undef)]]></failure></testcase>
<testcase time="0" name="org.eslint.no-undef" classname="C:\Users\Kennet_Tech\PBASoftwaredevelopment\Test for Developers\testingEksam\Testing_Exam\Test\test"><failure message="&apos;test&apos; is not defined."><![CDATA[line 30, col 1, Error - &apos;test&apos; is not defined. (no-undef)]]></failure></testcase>
<testcase time="0" name="org.eslint.no-undef" classname="C:\Users\Kennet_Tech\PBASoftwaredevelopment\Test for Developers\testingEksam\Testing_Exam\Test\test"><failure message="&apos;expect&apos; is not defined."><![CDATA[line 36, col 3, Error - &apos;expect&apos; is not defined. (no-undef)]]></failure></testcase>
<testcase time="0" name="org.eslint.no-undef" classname="C:\Users\Kennet_Tech\PBASoftwaredevelopment\Test for Developers\testingEksam\Testing_Exam\Test\test"><failure message="&apos;test&apos; is not defined."><![CDATA[line 39, col 1, Error - &apos;test&apos; is not defined. (no-undef)]]></failure></testcase>
<testcase time="0" name="org.eslint.no-undef" classname="C:\Users\Kennet_Tech\PBASoftwaredevelopment\Test for Developers\testingEksam\Testing_Exam\Test\test"><failure message="&apos;expect&apos; is not defined."><![CDATA[line 45, col 3, Error - &apos;expect&apos; is not defined. (no-undef)]]></failure></testcase>
<testcase time="0" name="org.eslint.no-undef" classname="C:\Users\Kennet_Tech\PBASoftwaredevelopment\Test for Developers\testingEksam\Testing_Exam\Test\test"><failure message="&apos;test&apos; is not defined."><![CDATA[line 48, col 1, Error - &apos;test&apos; is not defined. (no-undef)]]></failure></testcase>
<testcase time="0" name="org.eslint.no-undef" classname="C:\Users\Kennet_Tech\PBASoftwaredevelopment\Test for Developers\testingEksam\Testing_Exam\Test\test"><failure message="&apos;expect&apos; is not defined."><![CDATA[line 54, col 3, Error - &apos;expect&apos; is not defined. (no-undef)]]></failure></testcase>
</testsuite>
<testsuite package="org.eslint" time="0" tests="3" errors="3" name="C:\Users\Kennet_Tech\PBASoftwaredevelopment\Test for Developers\testingEksam\Testing_Exam\index.js">
<testcase time="0" name="org.eslint.no-undef" classname="C:\Users\Kennet_Tech\PBASoftwaredevelopment\Test for Developers\testingEksam\Testing_Exam\index"><failure message="&apos;process&apos; is not defined."><![CDATA[line 6, col 14, Error - &apos;process&apos; is not defined. (no-undef)]]></failure></testcase>
<testcase time="0" name="org.eslint.no-unused-vars" classname="C:\Users\Kennet_Tech\PBASoftwaredevelopment\Test for Developers\testingEksam\Testing_Exam\index"><failure message="&apos;next&apos; is defined but never used."><![CDATA[line 24, col 46, Error - &apos;next&apos; is defined but never used. (no-unused-vars)]]></failure></testcase>
<testcase time="0" name="org.eslint.no-unused-vars" classname="C:\Users\Kennet_Tech\PBASoftwaredevelopment\Test for Developers\testingEksam\Testing_Exam\index"><failure message="&apos;next&apos; is defined but never used."><![CDATA[line 29, col 47, Error - &apos;next&apos; is defined but never used. (no-unused-vars)]]></failure></testcase>
</testsuite>
</testsuites>
